
> eduapp-backend@1.0.0 start:dev /mnt/c/Users/Angel Ruiz/Desktop/eduapp-backend
> nodemon --exec babel-node ./bin/www

[33m[nodemon] 1.19.1[39m
[33m[nodemon] to restart at any time, enter `rs`[39m
[33m[nodemon] watching: *.*[39m
[32m[nodemon] starting `babel-node ./bin/www`[39m
events.js:174
      throw er; // Unhandled 'error' event
      ^

Error: EBADF: bad file descriptor, read
Emitted 'error' event at:
    at lazyFs.read (internal/fs/streams.js:165:12)
    at FSReqWrap.wrapper [as oncomplete] (fs.js:467:17)
npm ERR! code ELIFECYCLE
npm ERR! errno 1
npm ERR! eduapp-backend@1.0.0 start:dev: `nodemon --exec babel-node ./bin/www`
npm ERR! Exit status 1
npm ERR! 
npm ERR! Failed at the eduapp-backend@1.0.0 start:dev script.
npm ERR! This is probably not a problem with npm. There is likely additional logging output above.

npm ERR! A complete log of this run can be found in:
npm ERR!     /root/.npm/_logs/2019-09-23T17_58_08_536Z-debug.log
mongodb+srv://eduapp:eduapp07@cluster0-hguuw.mongodb.net/test?retryWrites=true&w=majority
DB connected!
